生成启动时间为 2015/1/23 15:00:11。
     1>项目“D:\vsproject\VideoMonitor\VideoMonitor\VideoMonitor.vcxproj”在节点 2 上(build 个目标)。
     1>InitializeBuildStatus:
         正在创建“Debug\VideoMonitor.unsuccessfulbuild”，因为已指定“AlwaysCreate”。
       CustomBuild:
         Moc'ing preview.h...
         Moc'ing mainwindow.h...
         Uic'ing preview.ui...
       ClCompile:
         C:\Program Files\Microsoft Visual Studio 10.0\VC\bin\CL.exe /c /I.\GeneratedFiles /IC:\Qt\4.8.1\include /I.\GeneratedFiles\Debug /IC:\Qt\4.8.1\include\QtCore /IC:\Qt\4.8.1\include\QtGui /I.\ /Zi /nologo /W1 /WX- /Od /Oy- /D UNICODE /D WIN32 /D QT_LARGEFILE_SUPPORT /D QT_CORE_LIB /D QT_GUI_LIB /Gm- /EHsc /MDd /GS /fp:precise /Zc:wchar_t- /Zc:forScope /Fo"Debug\\" /Fd"Debug\vc100.pdb" /Gd /TP /analyze- /errorReport:prompt GeneratedFiles\Debug\moc_mainwindow.cpp GeneratedFiles\Debug\moc_preview.cpp main.cpp mainwindow.cpp preview.cpp USBCamera.cpp
         moc_mainwindow.cpp
         moc_preview.cpp
         main.cpp
         mainwindow.cpp
         preview.cpp
         USBCamera.cpp
         正在生成代码...
         C:\Program Files\Microsoft Visual Studio 10.0\VC\bin\CL.exe /c /I.\GeneratedFiles /IC:\Qt\4.8.1\include /I.\GeneratedFiles\Debug /IC:\Qt\4.8.1\include\QtCore /IC:\Qt\4.8.1\include\QtGui /I.\ /Zi /nologo /W1 /WX- /Od /Oy- /D UNICODE /D WIN32 /D QT_LARGEFILE_SUPPORT /D QT_CORE_LIB /D QT_GUI_LIB /Gm- /EHsc /MDd /GS /fp:precise /Zc:wchar_t- /Zc:forScope /Fo"Debug\\" /Fd"Debug\vc100.pdb" /Gd /TP /analyze- /errorReport:prompt GeneratedFiles\qrc_videomonitor.cpp
         qrc_videomonitor.cpp
       Link:
         C:\Program Files\Microsoft Visual Studio 10.0\VC\bin\link.exe /ERRORREPORT:PROMPT /OUT:"D:\vsproject\VideoMonitor\\VideoMonitor.exe" /NOLOGO /LIBPATH:C:\Qt\4.8.1\lib qtmaind.lib QtCored4.lib QtGuid4.lib opencv_calib3d246d.lib opencv_contrib246d.lib opencv_core246d.lib opencv_features2d246d.lib opencv_flann246d.lib opencv_highgui246d.lib opencv_imgproc246d.lib opencv_legacy246d.lib opencv_ml246d.lib opencv_nonfree246d.lib opencv_objdetect246d.lib opencv_photo246d.lib opencv_stitching246d.lib opencv_ts246d.lib opencv_video246d.lib opencv_videostab246d.lib opencv_gpu246d.lib kernel32.lib user32.lib gdi32.lib winspool.lib comdlg32.lib advapi32.lib shell32.lib ole32.lib oleaut32.lib uuid.lib odbc32.lib odbccp32.lib /MANIFEST /ManifestFile:"Debug\VideoMonitor.exe.intermediate.manifest" /MANIFESTUAC:"level='asInvoker' uiAccess='false'" /DEBUG /PDB:"D:\vsproject\VideoMonitor\VideoMonitor.pdb" /SUBSYSTEM:WINDOWS /TLBID:1 /DYNAMICBASE /NXCOMPAT /IMPLIB:"D:\vsproject\VideoMonitor\VideoMonitor.lib" /MACHINE:X86 Debug\moc_mainwindow.obj
         Debug\moc_preview.obj
         Debug\qrc_videomonitor.obj
         Debug\main.obj
         Debug\mainwindow.obj
         Debug\preview.obj
         Debug\USBCamera.obj
         VideoMonitor.vcxproj -> D:\vsproject\VideoMonitor\VideoMonitor.exe
       Manifest:
         C:\Program Files\Microsoft SDKs\Windows\v7.0A\bin\mt.exe /nologo /verbose /outputresource:"D:\vsproject\VideoMonitor\\VideoMonitor.exe;#1" /manifest Debug\VideoMonitor.exe.intermediate.manifest
       FinalizeBuildStatus:
         正在删除文件“Debug\VideoMonitor.unsuccessfulbuild”。
         正在对“Debug\VideoMonitor.lastbuildstate”执行 Touch 任务。
     1>已完成生成项目“D:\vsproject\VideoMonitor\VideoMonitor\VideoMonitor.vcxproj”(build 个目标)的操作。

生成成功。

已用时间 00:00:21.17
