D:\VSPROJECT\VIDEOMONITOR\VIDEOMONITOR.EXE
D:\vsproject\VideoMonitor\VideoMonitor.pdb
D:\VSPROJECT\VIDEOMONITOR\VIDEOMONITOR\GENERATEDFILES\QRC_VIDEOMONITOR.CPP
D:\VSPROJECT\VIDEOMONITOR\VIDEOMONITOR\GENERATEDFILES\RELEASE\MOC_MAINWINDOW.CPP
D:\VSPROJECT\VIDEOMONITOR\VIDEOMONITOR\GENERATEDFILES\RELEASE\MOC_PREVIEW.CPP
D:\VSPROJECT\VIDEOMONITOR\VIDEOMONITOR\GENERATEDFILES\UI_MAINWINDOW.H
D:\VSPROJECT\VIDEOMONITOR\VIDEOMONITOR\GENERATEDFILES\UI_PREVIEW.H
D:\vsproject\VideoMonitor\VideoMonitor\Release\cl.command.1.tlog
D:\vsproject\VideoMonitor\VideoMonitor\Release\CL.read.1.tlog
D:\vsproject\VideoMonitor\VideoMonitor\Release\CL.write.1.tlog
D:\vsproject\VideoMonitor\VideoMonitor\Release\custombuild.command.1.tlog
D:\vsproject\VideoMonitor\VideoMonitor\Release\custombuild.read.1.tlog
D:\vsproject\VideoMonitor\VideoMonitor\Release\custombuild.write.1.tlog
D:\vsproject\VideoMonitor\VideoMonitor\Release\link.command.1.tlog
D:\vsproject\VideoMonitor\VideoMonitor\Release\link.read.1.tlog
D:\vsproject\VideoMonitor\VideoMonitor\Release\link.write.1.tlog
D:\VSPROJECT\VIDEOMONITOR\VIDEOMONITOR\RELEASE\MAIN.OBJ
D:\VSPROJECT\VIDEOMONITOR\VIDEOMONITOR\RELEASE\MAINWINDOW.OBJ
D:\VSPROJECT\VIDEOMONITOR\VIDEOMONITOR\RELEASE\MOC_MAINWINDOW.OBJ
D:\VSPROJECT\VIDEOMONITOR\VIDEOMONITOR\RELEASE\MOC_PREVIEW.OBJ
D:\vsproject\VideoMonitor\VideoMonitor\Release\mt.command.1.tlog
D:\vsproject\VideoMonitor\VideoMonitor\Release\mt.read.1.tlog
D:\vsproject\VideoMonitor\VideoMonitor\Release\mt.write.1.tlog
D:\VSPROJECT\VIDEOMONITOR\VIDEOMONITOR\RELEASE\PREVIEW.OBJ
D:\VSPROJECT\VIDEOMONITOR\VIDEOMONITOR\RELEASE\QRC_VIDEOMONITOR.OBJ
D:\vsproject\VideoMonitor\VideoMonitor\Release\rc.command.1.tlog
D:\vsproject\VideoMonitor\VideoMonitor\Release\rc.read.1.tlog
D:\vsproject\VideoMonitor\VideoMonitor\Release\rc.write.1.tlog
D:\VSPROJECT\VIDEOMONITOR\VIDEOMONITOR\RELEASE\USBCAMERA.OBJ
D:\VSPROJECT\VIDEOMONITOR\VIDEOMONITOR\RELEASE\VIDEOMONITOR.EXE.INTERMEDIATE.MANIFEST
D:\vsproject\VideoMonitor\VideoMonitor\Release\VideoMonitor.vcxprojResolveAssemblyReference.cache
D:\vsproject\VideoMonitor\VideoMonitor\Release\VideoMonitor.write.1.tlog
